
> project1@1.0.0 build /Users/nuhuhussein/Desktop/bells-clearance/server
> babel-watch server.js

Error: listen EADDRINUSE :::7000
    at Server.setupListenHandle [as _listen2] (net.js:1330:14)
    at listenInCluster (net.js:1378:12)
    at Server.listen (net.js:1466:7)
    at Function.listen (/Users/nuhuhussein/Desktop/bells-clearance/server/node_modules/express/lib/application.js:618:24)
    at Object.<anonymous> (/Users/nuhuhussein/Desktop/bells-clearance/server/server.js:29:5)
    at Module._compile (internal/modules/cjs/loader.js:678:30)
    at babelWatchLoader (/Users/nuhuhussein/Desktop/bells-clearance/server/node_modules/babel-watch/runner.js:50:13)
    at Object.require.extensions.(anonymous function) [as .js] (/Users/nuhuhussein/Desktop/bells-clearance/server/node_modules/babel-watch/runner.js:61:7)
    at Module.load (internal/modules/cjs/loader.js:589:32)
    at tryModuleLoad (internal/modules/cjs/loader.js:528:12)
npm ERR! code ELIFECYCLE
npm ERR! errno 1
npm ERR! project1@1.0.0 build: `babel-watch server.js`
npm ERR! Exit status 1
npm ERR! 
npm ERR! Failed at the project1@1.0.0 build script.
npm ERR! This is probably not a problem with npm. There is likely additional logging output above.

npm ERR! A complete log of this run can be found in:
npm ERR!     /Users/nuhuhussein/.npm/_logs/2018-05-25T20_23_03_981Z-debug.log

> project1@1.0.0 build /Users/nuhuhussein/Desktop/bells-clearance/server
> babel-watch server.js

Error: listen EADDRINUSE :::7000
    at Server.setupListenHandle [as _listen2] (net.js:1330:14)
    at listenInCluster (net.js:1378:12)
    at Server.listen (net.js:1466:7)
    at Function.listen (/Users/nuhuhussein/Desktop/bells-clearance/server/node_modules/express/lib/application.js:618:24)
    at Object.<anonymous> (/Users/nuhuhussein/Desktop/bells-clearance/server/server.js:29:5)
    at Module._compile (internal/modules/cjs/loader.js:678:30)
    at babelWatchLoader (/Users/nuhuhussein/Desktop/bells-clearance/server/node_modules/babel-watch/runner.js:50:13)
    at Object.require.extensions.(anonymous function) [as .js] (/Users/nuhuhussein/Desktop/bells-clearance/server/node_modules/babel-watch/runner.js:61:7)
    at Module.load (internal/modules/cjs/loader.js:589:32)
    at tryModuleLoad (internal/modules/cjs/loader.js:528:12)
